0 info it worked if it ends with ok
1 verbose cli [ '/home/uber/.nvm/versions/node/v6.4.0/bin/node',
1 verbose cli   '/home/uber/.nvm/versions/node/v6.4.0/bin/npm',
1 verbose cli   'run',
1 verbose cli   'start' ]
2 info using npm@3.9.0
3 info using node@v6.4.0
4 verbose run-script [ 'prestart', 'start', 'poststart' ]
5 info lifecycle twitch-bot@~prestart: twitch-bot@
6 silly lifecycle twitch-bot@~prestart: no script for prestart, continuing
7 info lifecycle twitch-bot@~start: twitch-bot@
8 verbose lifecycle twitch-bot@~start: unsafe-perm in lifecycle true
9 verbose lifecycle twitch-bot@~start: PATH: /home/uber/.nvm/versions/node/v6.4.0/lib/node_modules/npm/bin/node-gyp-bin:/home/uber/twitch-bot/node_modules/.bin:/home/uber/.nvm/versions/node/v6.4.0/bin:/home/uber/.nvm/versions/node/v6.4.0/bin:/usr/local/sbin:/usr/local/bin:/usr/sbin:/usr/bin:/sbin:/bin:/usr/games:/usr/local/games:/snap/bin
10 verbose lifecycle twitch-bot@~start: CWD: /home/uber/twitch-bot
11 silly lifecycle twitch-bot@~start: Args: [ '-c', 'node app.js' ]
12 silly lifecycle twitch-bot@~start: Returned: code: 1  signal: null
13 info lifecycle twitch-bot@~start: Failed to exec start script
14 verbose stack Error: twitch-bot@ start: `node app.js`
14 verbose stack Exit status 1
14 verbose stack     at EventEmitter.<anonymous> (/home/uber/.nvm/versions/node/v6.4.0/lib/node_modules/npm/lib/utils/lifecycle.js:245:16)
14 verbose stack     at emitTwo (events.js:106:13)
14 verbose stack     at EventEmitter.emit (events.js:191:7)
14 verbose stack     at ChildProcess.<anonymous> (/home/uber/.nvm/versions/node/v6.4.0/lib/node_modules/npm/lib/utils/spawn.js:24:14)
14 verbose stack     at emitTwo (events.js:106:13)
14 verbose stack     at ChildProcess.emit (events.js:191:7)
14 verbose stack     at maybeClose (internal/child_process.js:852:16)
14 verbose stack     at Process.ChildProcess._handle.onexit (internal/child_process.js:215:5)
15 verbose pkgid twitch-bot@
16 verbose cwd /home/uber/twitch-bot
17 error Linux 4.4.0-51-generic
18 error argv "/home/uber/.nvm/versions/node/v6.4.0/bin/node" "/home/uber/.nvm/versions/node/v6.4.0/bin/npm" "run" "start"
19 error node v6.4.0
20 error npm  v3.9.0
21 error code ELIFECYCLE
22 error twitch-bot@ start: `node app.js`
22 error Exit status 1
23 error Failed at the twitch-bot@ start script 'node app.js'.
23 error Make sure you have the latest version of node.js and npm installed.
23 error If you do, this is most likely a problem with the twitch-bot package,
23 error not with npm itself.
23 error Tell the author that this fails on your system:
23 error     node app.js
23 error You can get information on how to open an issue for this project with:
23 error     npm bugs twitch-bot
23 error Or if that isn't available, you can get their info via:
23 error     npm owner ls twitch-bot
23 error There is likely additional logging output above.
24 verbose exit [ 1, true ]
